Flutter crash report; please file at https://github.com/flutter/flutter/issues.

## command

flutter packages get

## exception

YamlException: Error on line 30, column 33: Mapping values are not allowed here. Did you miss a colon earlier?
   ╷
30 │    flutter_advanced_networkimage:
   │                                 ^
   ╵

```
#0      Scanner._fetchValue (package:yaml/src/scanner.dart:713:9)
#1      Scanner._fetchNextToken (package:yaml/src/scanner.dart:457:11)
#2      Scanner._fetchMoreTokens (package:yaml/src/scanner.dart:339:7)
#3      Scanner.peek (package:yaml/src/scanner.dart:317:27)
#4      Parser._parseBlockMappingKey (package:yaml/src/parser.dart:418:26)
#5      Parser._stateMachine (package:yaml/src/parser.dart:86:16)
#6      Parser.parse (package:yaml/src/parser.dart:47:19)
#7      Loader._loadMapping (package:yaml/src/loader.dart:171:23)
#8      Loader._loadNode (package:yaml/src/loader.dart:86:16)
#9      Loader._loadMapping (package:yaml/src/loader.dart:165:19)
#10     Loader._loadNode (package:yaml/src/loader.dart:86:16)
#11     Loader._loadDocument (package:yaml/src/loader.dart:62:20)
#12     Loader.load (package:yaml/src/loader.dart:54:20)
#13     loadYamlDocument (package:yaml/yaml.dart:51:25)
#14     loadYamlNode (package:yaml/yaml.dart:42:5)
#15     loadYaml (package:yaml/yaml.dart:34:5)
#16     FlutterManifest.createFromString (package:flutter_tools/src/flutter_manifest.dart:38:28)
#17     FlutterManifest.createFromPath (package:flutter_tools/src/flutter_manifest.dart:32:12)
#18     FlutterProject._readManifest (package:flutter_tools/src/project.dart:167:54)
#19     FlutterProject.fromDirectory (package:flutter_tools/src/project.dart:45:38)
#20     FlutterProject.fromPath (package:flutter_tools/src/project.dart:60:50)
#21     PackagesGetCommand.usageValues (package:flutter_tools/src/commands/packages.dart:80:55)
<asynchronous suspension>
#22     FlutterCommand._sendUsage (package:flutter_tools/src/runner/flutter_command.dart:441:58)
<asynchronous suspension>
#23     FlutterCommand.run.<anonymous closure> (package:flutter_tools/src/runner/flutter_command.dart:422:17)
<asynchronous suspension>
#24     AppContext.run.<anonymous closure> (package:flutter_tools/src/base/context.dart:153:29)
<asynchronous suspension>
#25     _rootRun (dart:async/zone.dart:1124:13)
#26     _CustomZone.run (dart:async/zone.dart:1021:19)
#27     _runZoned (dart:async/zone.dart:1516:10)
#28     runZoned (dart:async/zone.dart:1463:12)
#29     AppContext.run (package:flutter_tools/src/base/context.dart:152:18)
<asynchronous suspension>
#30     FlutterCommand.run (package:flutter_tools/src/runner/flutter_command.dart:405:20)
#31     CommandRunner.runCommand (package:args/command_runner.dart:197:27)
<asynchronous suspension>
#32     FlutterCommandRunner.runCommand.<anonymous closure> (package:flutter_tools/src/runner/flutter_command_runner.dart:396:21)
<asynchronous suspension>
#33     AppContext.run.<anonymous closure> (package:flutter_tools/src/base/context.dart:153:29)
<asynchronous suspension>
#34     _rootRun (dart:async/zone.dart:1124:13)
#35     _CustomZone.run (dart:async/zone.dart:1021:19)
#36     _runZoned (dart:async/zone.dart:1516:10)
#37     runZoned (dart:async/zone.dart:1463:12)
#38     AppContext.run (package:flutter_tools/src/base/context.dart:152:18)
<asynchronous suspension>
#39     FlutterCommandRunner.runCommand (package:flutter_tools/src/runner/flutter_command_runner.dart:356:19)
<asynchronous suspension>
#40     CommandRunner.run.<anonymous closure> (package:args/command_runner.dart:112:25)
#41     new Future.sync (dart:async/future.dart:224:31)
#42     CommandRunner.run (package:args/command_runner.dart:112:14)
#43     FlutterCommandRunner.run (package:flutter_tools/src/runner/flutter_command_runner.dart:242:18)
#44     run.<anonymous closure>.<anonymous closure> (package:flutter_tools/runner.dart:62:22)
<asynchronous suspension>
#45     _rootRun (dart:async/zone.dart:1124:13)
#46     _CustomZone.run (dart:async/zone.dart:1021:19)
#47     _runZoned (dart:async/zone.dart:1516:10)
#48     runZoned (dart:async/zone.dart:1500:12)
#49     run.<anonymous closure> (package:flutter_tools/runner.dart:60:18)
<asynchronous suspension>
#50     AppContext.run.<anonymous closure> (package:flutter_tools/src/base/context.dart:153:29)
<asynchronous suspension>
#51     _rootRun (dart:async/zone.dart:1124:13)
#52     _CustomZone.run (dart:async/zone.dart:1021:19)
#53     _runZoned (dart:async/zone.dart:1516:10)
#54     runZoned (dart:async/zone.dart:1463:12)
#55     AppContext.run (package:flutter_tools/src/base/context.dart:152:18)
<asynchronous suspension>
#56     runInContext (package:flutter_tools/src/context_runner.dart:56:24)
<asynchronous suspension>
#57     run (package:flutter_tools/runner.dart:51:10)
#58     main (package:flutter_tools/executable.dart:62:9)
<asynchronous suspension>
#59     main (file:///C:/src/flutter/packages/flutter_tools/bin/flutter_tools.dart:8:3)
#60     _startIsolate.<anonymous closure> (dart:isolate-patch/isolate_patch.dart:299:32)
#61     _RawReceivePortImpl._handleMessage (dart:isolate-patch/isolate_patch.dart:172:12)
```

## flutter doctor

```
[✓] Flutter (Channel master, v1.7.5-pre.13, on Microsoft Windows [Version 10.0.17134.829], locale fi-FI)
    • Flutter version 1.7.5-pre.13 at C:\src\flutter
    • Framework revision a96c8e50ff (7 hours ago), 2019-06-16 08:02:55 -0400
    • Engine revision 466a1d848d
    • Dart version 2.4.0

[✓] Android toolchain - develop for Android devices (Android SDK version 28.0.3)
    • Android SDK at C:\Users\Vikke\AppData\Local\Android\Sdk
    • Android NDK location not configured (optional; useful for native profiling support)
    • Platform android-28, build-tools 28.0.3
    • ANDROID_HOME = C:\Users\Vikke\AppData\Local\Android\Sdk
    • Java binary at: C:\Program Files\Android\Android Studio\jre\bin\java
    • Java version OpenJDK Runtime Environment (build 1.8.0_152-release-1248-b01)
    • All Android licenses accepted.

[✗] Visual Studio - develop for Windows
    ✗ Visual Studio not installed; this is necessary for Windows development.
      Download at https://visualstudio.microsoft.com/downloads/.

[✓] Android Studio (version 3.3)
    • Android Studio at C:\Program Files\Android\Android Studio
    • Flutter plugin version 33.1.1
    • Dart plugin version 182.5215
    • Java version OpenJDK Runtime Environment (build 1.8.0_152-release-1248-b01)

[✓] VS Code, 64-bit edition (version 1.35.0)
    • VS Code at C:\Program Files\Microsoft VS Code
    • Flutter extension version 3.1.0

[✓] Connected device (1 available)
    • Android SDK built for x86 • emulator-5554 • android-x86 • Android 9 (API 28) (emulator)

! Doctor found issues in 1 category.
```
